test_doc3.nit:15,1--18,0: Error: there is a block of invalid Nit code, thus not considered a nitunit. To suppress this warning, enclose the block with a fence tagged `nitish` or `raw` (see `man nitdoc`). At 1,3--9: Syntax Error: unexpected identifier 'garbage'..
test_doc3.nit:20,1--25,0: Error: there is a block of invalid Nit code, thus not considered a nitunit. To suppress this warning, enclose the block with a fence tagged `nitish` or `raw` (see `man nitdoc`). At 1,2--8: Syntax Error: unexpected identifier 'garbage'..
test_doc3.nit:27,1--32,0: Error: there is a block of invalid Nit code, thus not considered a nitunit. To suppress this warning, enclose the block with a fence tagged `nitish` or `raw` (see `man nitdoc`). At 1,2--8: Syntax Error: unexpected identifier 'garbage'..
DocUnits:
Entities: 6; Documented ones: 5; With nitunits: 3; Failures: 3

TestSuites:
No test cases found
Class suites: 0; Test Cases: 0; Failures: 0
<testsuites><testsuite package="test_doc3"><testcase classname="nitunit.test_doc3.standard::Sys" name="test_doc3::Sys::foo1"><failure message="test_doc3.nit:15,1--18,0: Invalid block of code. At 1,3--9: Syntax Error: unexpected identifier &#39;garbage&#39;.."></failure></testcase><testcase classname="nitunit.test_doc3.standard::Sys" name="test_doc3::Sys::foo2"><failure message="test_doc3.nit:20,1--25,0: Invalid block of code. At 1,2--8: Syntax Error: unexpected identifier &#39;garbage&#39;.."></failure></testcase><testcase classname="nitunit.test_doc3.standard::Sys" name="test_doc3::Sys::foo3"><failure message="test_doc3.nit:27,1--32,0: Invalid block of code. At 1,2--8: Syntax Error: unexpected identifier &#39;garbage&#39;.."></failure></testcase></testsuite><testsuite></testsuite></testsuites>